2023-03-09 13:38:28,859 : ERROR : main :  : WindowsDefenderExceptionHandler :  :  : PowerShell command powershell -inputformat none -outputformat text -NonInteractive -Command Get-MpComputerStatus -ErrorAction Stop | Select-Object -ExpandProperty AMServiceEnabled timed out.
2023-03-09 13:38:28,863 : ERROR : main :  : WindowsDefenderExceptionHandler :  :  : PowerShell command powershell -inputformat none -outputformat text -NonInteractive -Command Get-MpComputerStatus -ErrorAction Stop | Select-Object -ExpandProperty AMServiceEnabled did not terminate successfully.
2023-03-09 13:41:46,763 : WARN  : main :  : LongStartupHandler :  :  : Startup took 187416 seconds.
2023-03-09 13:43:00,743 : WARN  : main :  : Node : CSV Reader : 3:1 : Please specify a file
2023-03-09 13:48:54,832 : WARN  : main :  : Node : Color Manager : 3:3 : No column selected and no categorical column available.
2023-03-09 13:49:06,578 : WARN  : main :  : Node : Color Manager : 3:3 : Selected column "Cluster" with default nominal color mapping.
2023-03-09 13:50:23,028 : WARN  : KNIME-Worker-3-CSV Reader 3:1 :  : Node : Color Manager : 3:3 : Selected column "Cluster" with default nominal color mapping.
2023-03-09 13:50:33,746 : WARN  : KNIME-Worker-4-k-Means 3:2 :  : Node : Color Manager : 3:3 : Selected column "Cluster" with default nominal color mapping.
2023-03-09 13:50:38,455 : WARN  : KNIME-Worker-5-Color Manager 3:3 :  : Node : Color Manager : 3:3 : Selected column "Cluster" with default nominal color mapping.
2023-03-09 13:59:51,703 : WARN  : main :  : Node : Partitioning : 3:5 : No sampling method selected
2023-03-09 14:03:33,668 : WARN  : main :  : Node : K Nearest Neighbor : 3:6 : Auto-selected column 'Species' as class column.
2023-03-09 14:06:10,528 : WARN  : main :  : Node : Random Forest Learner : 3:8 : No configuration available
2023-03-09 14:08:30,894 : WARN  : main :  : Node : Random Forest Learner : 3:8 : No configuration available
2023-03-09 14:10:35,656 : WARN  : main :  : Node : Scorer : 3:9 : No columns selected yet.
2023-03-09 14:10:44,144 : WARN  : main :  : WrappedNodeDialog : Scorer : 3:9 : failed to apply settings: First and second column cannot be the same.
org.knime.core.node.InvalidSettingsException: First and second column cannot be the same.
	at org.knime.base.node.mine.scorer.accuracy.AccuracyScorer2NodeDialog.saveSettingsTo(AccuracyScorer2NodeDialog.java:349)
	at org.knime.core.node.NodeDialogPane.internalSaveSettingsTo(NodeDialogPane.java:540)
	at org.knime.core.node.NodeDialogPane$4.run(NodeDialogPane.java:779)
	at org.knime.core.node.util.ViewUtils$3.run(ViewUtils.java:353)
	at org.knime.core.node.util.ViewUtils$2.run(ViewUtils.java:155)
	at java.desktop/java.awt.event.InvocationEvent.dispatch(Unknown Source)
	at java.desktop/java.awt.EventQueue.dispatchEventImpl(Unknown Source)
	at java.desktop/java.awt.EventQueue$4.run(Unknown Source)
	at java.desktop/java.awt.EventQueue$4.run(Unknown Source)
	at java.base/java.security.AccessController.doPrivileged(Unknown Source)
	at java.base/java.security.ProtectionDomain$JavaSecurityAccessImpl.doIntersectionPrivilege(Unknown Source)
	at java.desktop/java.awt.EventQueue.dispatchEvent(Unknown Source)
	at java.desktop/java.awt.EventDispatchThread.pumpOneEventForFilters(Unknown Source)
	at java.desktop/java.awt.EventDispatchThread.pumpEventsForFilter(Unknown Source)
	at java.desktop/java.awt.EventDispatchThread.pumpEventsForHierarchy(Unknown Source)
	at java.desktop/java.awt.EventDispatchThread.pumpEvents(Unknown Source)
	at java.desktop/java.awt.EventDispatchThread.pumpEvents(Unknown Source)
	at java.desktop/java.awt.EventDispatchThread.run(Unknown Source)
2023-03-09 14:11:06,297 : WARN  : main :  : Node : Scorer : 3:10 : No columns selected yet.
2023-03-09 14:26:33,126 : WARN  : main :  : Node : ROC Curve : 3:13 : Class column 'null ' does not exist
2023-03-09 14:26:54,911 : WARN  : main :  : Node : ROC Curve : 3:13 : No value for the positive class chosen
2023-03-09 14:26:57,126 : WARN  : main :  : Node : ROC Curve : 3:13 : No value for the positive class chosen
2023-03-09 14:28:38,086 : WARN  : main :  : Node : ROC Curve : 3:14 : Class column 'null ' does not exist
2023-03-24 00:13:52,663 : ERROR : main :  : WindowsDefenderExceptionHandler :  :  : PowerShell command powershell -inputformat none -outputformat text -NonInteractive -Command Get-Item -Path 'Registry::HKEY_LOCAL_MACHINE\SOFTWARE\Microsoft\Windows Defender\Exclusions\Processes' -ErrorAction Stop | Select-Object -ExpandProperty Property did not terminate successfully.
2023-03-24 00:13:52,672 : ERROR : main :  : WindowsDefenderExceptionHandler :  :  : Stderr is:
2023-03-24 00:13:52,673 : ERROR : main :  : WindowsDefenderExceptionHandler :  :  : Get-Item : Requested registry access is not allowed.
2023-03-24 00:13:52,673 : ERROR : main :  : WindowsDefenderExceptionHandler :  :  : At line:1 char:1
2023-03-24 00:13:52,674 : ERROR : main :  : WindowsDefenderExceptionHandler :  :  : + Get-Item -Path 'Registry::HKEY_LOCAL_MACHINE\SOFTWARE\Microsoft\Windo ...
2023-03-24 00:13:52,675 : ERROR : main :  : WindowsDefenderExceptionHandler :  :  : + ~~~~~~~~~~~~~~~~~~~~~~~~~~~~~~~~~~~~~~~~~~~~~~~~~~~~~~~~~~~~~~~~~~~~~
2023-03-24 00:13:52,675 : ERROR : main :  : WindowsDefenderExceptionHandler :  :  :     + CategoryInfo          : PermissionDenied: (HKEY_LOCAL_MACH...sions\Processes:String) [Get-Item], SecurityExcepti 
2023-03-24 00:13:52,676 : ERROR : main :  : WindowsDefenderExceptionHandler :  :  :    on
2023-03-24 00:13:52,676 : ERROR : main :  : WindowsDefenderExceptionHandler :  :  :     + FullyQualifiedErrorId : System.Security.SecurityException,Microsoft.PowerShell.Commands.GetItemCommand
2023-03-24 00:13:52,676 : ERROR : main :  : WindowsDefenderExceptionHandler :  :  :  
